<?xml version="1.0" encoding="UTF-8"?>
<coverage generated="1616860445029" clover="3.2.0">
  <project timestamp="1616860445029" name="All files">
    <metrics statements="97" coveredstatements="91" conditionals="54" coveredconditionals="44" methods="19" coveredmethods="19" elements="170" coveredelements="154" complexity="0" loc="97" ncloc="97" packages="1" files="3" classes="3"/>
    <file name="Data.js" path="/Users/alx/Projekte/trading-analysis/__new/src/shared/Data.js">
      <metrics statements="30" coveredstatements="30" conditionals="0" coveredconditionals="0" methods="7" coveredmethods="7"/>
      <line num="1" count="1" type="stmt"/>
      <line num="2" count="1" type="stmt"/>
      <line num="5" count="1" type="stmt"/>
      <line num="8" count="8" type="stmt"/>
      <line num="9" count="7" type="stmt"/>
      <line num="10" count="7" type="stmt"/>
      <line num="11" count="7" type="stmt"/>
      <line num="12" count="7" type="stmt"/>
      <line num="13" count="7" type="stmt"/>
      <line num="14" count="7" type="stmt"/>
      <line num="16" count="7" type="stmt"/>
      <line num="17" count="7" type="stmt"/>
      <line num="18" count="7" type="stmt"/>
      <line num="19" count="7" type="stmt"/>
      <line num="20" count="7" type="stmt"/>
      <line num="22" count="7" type="stmt"/>
      <line num="26" count="1" type="stmt"/>
      <line num="30" count="1" type="stmt"/>
      <line num="34" count="1" type="stmt"/>
      <line num="38" count="1" type="stmt"/>
      <line num="39" count="1" type="stmt"/>
      <line num="43" count="7" type="stmt"/>
      <line num="44" count="7" type="stmt"/>
      <line num="45" count="6" type="stmt"/>
      <line num="46" count="6" type="stmt"/>
      <line num="47" count="5" type="stmt"/>
      <line num="48" count="5" type="stmt"/>
      <line num="49" count="5" type="stmt"/>
      <line num="53" count="2" type="stmt"/>
      <line num="54" count="2" type="stmt"/>
    </file>
    <file name="assertion.js" path="/Users/alx/Projekte/trading-analysis/__new/src/shared/assertion.js">
      <metrics statements="46" coveredstatements="40" conditionals="50" coveredconditionals="41" methods="3" coveredmethods="3"/>
      <line num="2" count="3" type="stmt"/>
      <line num="5" count="44" type="cond" truecount="2" falsecount="0"/>
      <line num="6" count="3" type="cond" truecount="2" falsecount="0"/>
      <line num="7" count="2" type="stmt"/>
      <line num="10" count="41" type="cond" truecount="2" falsecount="0"/>
      <line num="11" count="9" type="stmt"/>
      <line num="16" count="11" type="cond" truecount="2" falsecount="0"/>
      <line num="17" count="11" type="stmt"/>
      <line num="18" count="11" type="stmt"/>
      <line num="25" count="77" type="cond" truecount="2" falsecount="0"/>
      <line num="26" count="22" type="cond" truecount="4" falsecount="0"/>
      <line num="27" count="2" type="stmt"/>
      <line num="29" count="22" type="cond" truecount="2" falsecount="0"/>
      <line num="30" count="2" type="stmt"/>
      <line num="32" count="22" type="cond" truecount="2" falsecount="0"/>
      <line num="33" count="2" type="stmt"/>
      <line num="36" count="55" type="cond" truecount="2" falsecount="0"/>
      <line num="37" count="52" type="stmt"/>
      <line num="38" count="52" type="cond" truecount="2" falsecount="0"/>
      <line num="39" count="52" type="cond" truecount="2" falsecount="0"/>
      <line num="40" count="1" type="cond" truecount="1" falsecount="1"/>
      <line num="41" count="0" type="stmt"/>
      <line num="44" count="51" type="cond" truecount="2" falsecount="0"/>
      <line num="45" count="47" type="stmt"/>
      <line num="46" count="47" type="stmt"/>
      <line num="48" count="47" type="cond" truecount="2" falsecount="0"/>
      <line num="49" count="3" type="cond" truecount="1" falsecount="1"/>
      <line num="50" count="0" type="cond" truecount="0" falsecount="2"/>
      <line num="51" count="0" type="stmt"/>
      <line num="55" count="3" type="stmt"/>
      <line num="59" count="4" type="cond" truecount="2" falsecount="0"/>
      <line num="60" count="1" type="stmt"/>
      <line num="61" count="1" type="cond" truecount="1" falsecount="1"/>
      <line num="62" count="0" type="stmt"/>
      <line num="64" count="3" type="cond" truecount="1" falsecount="1"/>
      <line num="65" count="3" type="cond" truecount="2" falsecount="0"/>
      <line num="66" count="2" type="stmt"/>
      <line num="69" count="0" type="cond" truecount="0" falsecount="2"/>
      <line num="70" count="0" type="stmt"/>
      <line num="74" count="3" type="cond" truecount="1" falsecount="1"/>
      <line num="75" count="3" type="cond" truecount="2" falsecount="0"/>
      <line num="76" count="2" type="stmt"/>
      <line num="80" count="77" type="cond" truecount="2" falsecount="0"/>
      <line num="81" count="13" type="stmt"/>
      <line num="82" count="13" type="stmt"/>
      <line num="83" count="13" type="stmt"/>
    </file>
    <file name="log.js" path="/Users/alx/Projekte/trading-analysis/__new/src/shared/log.js">
      <metrics statements="21" coveredstatements="21" conditionals="4" coveredconditionals="3" methods="9" coveredmethods="9"/>
      <line num="1" count="1" type="stmt"/>
      <line num="2" count="1" type="stmt"/>
      <line num="3" count="1" type="stmt"/>
      <line num="8" count="8" type="stmt"/>
      <line num="9" count="8" type="cond" truecount="1" falsecount="1"/>
      <line num="10" count="8" type="stmt"/>
      <line num="14" count="1" type="stmt"/>
      <line num="18" count="1" type="stmt"/>
      <line num="19" count="1" type="stmt"/>
      <line num="22" count="1" type="stmt"/>
      <line num="27" count="1" type="stmt"/>
      <line num="28" count="1" type="stmt"/>
      <line num="31" count="1" type="stmt"/>
      <line num="36" count="3" type="stmt"/>
      <line num="40" count="3" type="stmt"/>
      <line num="44" count="1" type="stmt"/>
      <line num="48" count="7" type="stmt"/>
      <line num="52" count="7" type="cond" truecount="2" falsecount="0"/>
      <line num="53" count="7" type="stmt"/>
      <line num="54" count="7" type="stmt"/>
      <line num="58" count="1" type="stmt"/>
    </file>
  </project>
</coverage>
