{"/Users/alx/Projekte/trading-analysis/config.js": {"path":"/Users/alx/Projekte/trading-analysis/config.js","statementMap":{"0":{"start":{"line":1,"column":0},"end":{"line":6,"column":1}}},"fnMap":{},"branchMap":{},"s":{"0":6},"f":{},"b":{},"_coverageSchema":"1a1c01bbd47fc00a2c39e90264f33305004495a9","hash":"07e65623d47ec04c18d2d3c2efce01ddca81677f"}
,"/Users/alx/Projekte/trading-analysis/src/ai/NeuralNetwork.js": {"path":"/Users/alx/Projekte/trading-analysis/src/ai/NeuralNetwork.js","statementMap":{"0":{"start":{"line":1,"column":11},"end":{"line":1,"column":38}},"1":{"start":{"line":2,"column":21},"end":{"line":2,"column":38}},"2":{"start":{"line":3,"column":11},"end":{"line":3,"column":24}},"3":{"start":{"line":4,"column":13},"end":{"line":4,"column":28}},"4":{"start":{"line":5,"column":15},"end":{"line":5,"column":38}},"5":{"start":{"line":6,"column":27},"end":{"line":6,"column":57}},"6":{"start":{"line":8,"column":0},"end":{"line":8,"column":37}},"7":{"start":{"line":8,"column":13},"end":{"line":8,"column":35}},"8":{"start":{"line":10,"column":0},"end":{"line":145,"column":2}},"9":{"start":{"line":13,"column":2},"end":{"line":13,"column":21}},"10":{"start":{"line":14,"column":2},"end":{"line":14,"column":61}},"11":{"start":{"line":15,"column":2},"end":{"line":15,"column":75}},"12":{"start":{"line":16,"column":2},"end":{"line":16,"column":39}},"13":{"start":{"line":17,"column":2},"end":{"line":17,"column":41}},"14":{"start":{"line":18,"column":2},"end":{"line":18,"column":41}},"15":{"start":{"line":19,"column":2},"end":{"line":19,"column":31}},"16":{"start":{"line":20,"column":2},"end":{"line":20,"column":51}},"17":{"start":{"line":21,"column":2},"end":{"line":21,"column":56}},"18":{"start":{"line":22,"column":2},"end":{"line":22,"column":42}},"19":{"start":{"line":26,"column":2},"end":{"line":28,"column":3}},"20":{"start":{"line":27,"column":3},"end":{"line":27,"column":21}},"21":{"start":{"line":30,"column":12},"end":{"line":30,"column":40}},"22":{"start":{"line":33,"column":2},"end":{"line":37,"column":6}},"23":{"start":{"line":40,"column":2},"end":{"line":47,"column":3}},"24":{"start":{"line":41,"column":3},"end":{"line":46,"column":4}},"25":{"start":{"line":42,"column":4},"end":{"line":42,"column":44}},"26":{"start":{"line":45,"column":4},"end":{"line":45,"column":34}},"27":{"start":{"line":50,"column":2},"end":{"line":53,"column":6}},"28":{"start":{"line":55,"column":2},"end":{"line":59,"column":5}},"29":{"start":{"line":61,"column":2},"end":{"line":61,"column":14}},"30":{"start":{"line":63,"column":2},"end":{"line":63,"column":11}},"31":{"start":{"line":67,"column":19},"end":{"line":67,"column":38}},"32":{"start":{"line":68,"column":15},"end":{"line":68,"column":19}},"33":{"start":{"line":69,"column":2},"end":{"line":71,"column":3}},"34":{"start":{"line":70,"column":3},"end":{"line":70,"column":14}},"35":{"start":{"line":72,"column":2},"end":{"line":72,"column":16}},"36":{"start":{"line":76,"column":2},"end":{"line":76,"column":32}},"37":{"start":{"line":76,"column":15},"end":{"line":76,"column":30}},"38":{"start":{"line":78,"column":21},"end":{"line":78,"column":37}},"39":{"start":{"line":79,"column":22},"end":{"line":79,"column":38}},"40":{"start":{"line":80,"column":2},"end":{"line":80,"column":31}},"41":{"start":{"line":80,"column":15},"end":{"line":80,"column":29}},"42":{"start":{"line":81,"column":2},"end":{"line":81,"column":32}},"43":{"start":{"line":81,"column":15},"end":{"line":81,"column":30}},"44":{"start":{"line":83,"column":16},"end":{"line":83,"column":61}},"45":{"start":{"line":84,"column":23},"end":{"line":84,"column":54}},"46":{"start":{"line":84,"column":49},"end":{"line":84,"column":52}},"47":{"start":{"line":85,"column":21},"end":{"line":85,"column":52}},"48":{"start":{"line":85,"column":47},"end":{"line":85,"column":50}},"49":{"start":{"line":87,"column":14},"end":{"line":87,"column":24}},"50":{"start":{"line":88,"column":13},"end":{"line":88,"column":18}},"51":{"start":{"line":90,"column":2},"end":{"line":90,"column":18}},"52":{"start":{"line":92,"column":2},"end":{"line":94,"column":3}},"53":{"start":{"line":93,"column":3},"end":{"line":93,"column":46}},"54":{"start":{"line":96,"column":20},"end":{"line":96,"column":24}},"55":{"start":{"line":97,"column":16},"end":{"line":97,"column":17}},"56":{"start":{"line":98,"column":2},"end":{"line":113,"column":3}},"57":{"start":{"line":99,"column":23},"end":{"line":99,"column":88}},"58":{"start":{"line":100,"column":20},"end":{"line":100,"column":65}},"59":{"start":{"line":101,"column":16},"end":{"line":101,"column":41}},"60":{"start":{"line":102,"column":3},"end":{"line":102,"column":13}},"61":{"start":{"line":103,"column":3},"end":{"line":112,"column":4}},"62":{"start":{"line":110,"column":16},"end":{"line":110,"column":27}},"63":{"start":{"line":111,"column":29},"end":{"line":111,"column":62}},"64":{"start":{"line":114,"column":2},"end":{"line":114,"column":14}},"65":{"start":{"line":118,"column":2},"end":{"line":118,"column":20}},"66":{"start":{"line":119,"column":2},"end":{"line":119,"column":23}},"67":{"start":{"line":120,"column":2},"end":{"line":120,"column":23}},"68":{"start":{"line":121,"column":2},"end":{"line":121,"column":43}},"69":{"start":{"line":125,"column":21},"end":{"line":125,"column":42}},"70":{"start":{"line":126,"column":2},"end":{"line":126,"column":23}},"71":{"start":{"line":130,"column":16},"end":{"line":130,"column":37}},"72":{"start":{"line":131,"column":2},"end":{"line":131,"column":24}},"73":{"start":{"line":132,"column":2},"end":{"line":134,"column":3}},"74":{"start":{"line":133,"column":3},"end":{"line":133,"column":19}},"75":{"start":{"line":135,"column":2},"end":{"line":135,"column":33}},"76":{"start":{"line":139,"column":16},"end":{"line":139,"column":37}},"77":{"start":{"line":140,"column":2},"end":{"line":142,"column":3}},"78":{"start":{"line":141,"column":3},"end":{"line":141,"column":19}},"79":{"start":{"line":143,"column":2},"end":{"line":143,"column":26}}},"fnMap":{"0":{"name":"(anonymous_0)","decl":{"start":{"line":8,"column":7},"end":{"line":8,"column":8}},"loc":{"start":{"line":8,"column":13},"end":{"line":8,"column":35}},"line":8},"1":{"name":"(anonymous_1)","decl":{"start":{"line":12,"column":1},"end":{"line":12,"column":2}},"loc":{"start":{"line":12,"column":99},"end":{"line":23,"column":2}},"line":12},"2":{"name":"(anonymous_2)","decl":{"start":{"line":25,"column":1},"end":{"line":25,"column":2}},"loc":{"start":{"line":25,"column":42},"end":{"line":64,"column":2}},"line":25},"3":{"name":"(anonymous_3)","decl":{"start":{"line":66,"column":1},"end":{"line":66,"column":2}},"loc":{"start":{"line":66,"column":26},"end":{"line":73,"column":2}},"line":66},"4":{"name":"(anonymous_4)","decl":{"start":{"line":75,"column":1},"end":{"line":75,"column":2}},"loc":{"start":{"line":75,"column":51},"end":{"line":115,"column":2}},"line":75},"5":{"name":"(anonymous_5)","decl":{"start":{"line":76,"column":9},"end":{"line":76,"column":10}},"loc":{"start":{"line":76,"column":15},"end":{"line":76,"column":30}},"line":76},"6":{"name":"(anonymous_6)","decl":{"start":{"line":80,"column":9},"end":{"line":80,"column":10}},"loc":{"start":{"line":80,"column":15},"end":{"line":80,"column":29}},"line":80},"7":{"name":"(anonymous_7)","decl":{"start":{"line":81,"column":9},"end":{"line":81,"column":10}},"loc":{"start":{"line":81,"column":15},"end":{"line":81,"column":30}},"line":81},"8":{"name":"(anonymous_8)","decl":{"start":{"line":84,"column":44},"end":{"line":84,"column":45}},"loc":{"start":{"line":84,"column":49},"end":{"line":84,"column":52}},"line":84},"9":{"name":"(anonymous_9)","decl":{"start":{"line":85,"column":42},"end":{"line":85,"column":43}},"loc":{"start":{"line":85,"column":47},"end":{"line":85,"column":50}},"line":85},"10":{"name":"(anonymous_10)","decl":{"start":{"line":110,"column":10},"end":{"line":110,"column":11}},"loc":{"start":{"line":110,"column":16},"end":{"line":110,"column":27}},"line":110},"11":{"name":"(anonymous_11)","decl":{"start":{"line":111,"column":21},"end":{"line":111,"column":22}},"loc":{"start":{"line":111,"column":29},"end":{"line":111,"column":62}},"line":111},"12":{"name":"(anonymous_12)","decl":{"start":{"line":117,"column":1},"end":{"line":117,"column":2}},"loc":{"start":{"line":117,"column":17},"end":{"line":122,"column":2}},"line":117},"13":{"name":"(anonymous_13)","decl":{"start":{"line":124,"column":1},"end":{"line":124,"column":2}},"loc":{"start":{"line":124,"column":12},"end":{"line":127,"column":2}},"line":124},"14":{"name":"(anonymous_14)","decl":{"start":{"line":129,"column":1},"end":{"line":129,"column":2}},"loc":{"start":{"line":129,"column":23},"end":{"line":136,"column":2}},"line":129},"15":{"name":"(anonymous_15)","decl":{"start":{"line":138,"column":1},"end":{"line":138,"column":2}},"loc":{"start":{"line":138,"column":19},"end":{"line":144,"column":2}},"line":138}},"branchMap":{"0":{"loc":{"start":{"line":16,"column":19},"end":{"line":16,"column":38}},"type":"binary-expr","locations":[{"start":{"line":16,"column":19},"end":{"line":16,"column":28}},{"start":{"line":16,"column":32},"end":{"line":16,"column":38}}],"line":16},"1":{"loc":{"start":{"line":17,"column":14},"end":{"line":17,"column":40}},"type":"binary-expr","locations":[{"start":{"line":17,"column":14},"end":{"line":17,"column":18}},{"start":{"line":17,"column":22},"end":{"line":17,"column":40}}],"line":17},"2":{"loc":{"start":{"line":18,"column":22},"end":{"line":18,"column":40}},"type":"binary-expr","locations":[{"start":{"line":18,"column":22},"end":{"line":18,"column":34}},{"start":{"line":18,"column":38},"end":{"line":18,"column":40}}],"line":18},"3":{"loc":{"start":{"line":20,"column":25},"end":{"line":20,"column":50}},"type":"binary-expr","locations":[{"start":{"line":20,"column":25},"end":{"line":20,"column":40}},{"start":{"line":20,"column":44},"end":{"line":20,"column":50}}],"line":20},"4":{"loc":{"start":{"line":21,"column":26},"end":{"line":21,"column":55}},"type":"binary-expr","locations":[{"start":{"line":21,"column":26},"end":{"line":21,"column":42}},{"start":{"line":21,"column":46},"end":{"line":21,"column":55}}],"line":21},"5":{"loc":{"start":{"line":26,"column":2},"end":{"line":28,"column":3}},"type":"if","locations":[{"start":{"line":26,"column":2},"end":{"line":28,"column":3}},{"start":{"line":26,"column":2},"end":{"line":28,"column":3}}],"line":26},"6":{"loc":{"start":{"line":34,"column":10},"end":{"line":34,"column":39}},"type":"binary-expr","locations":[{"start":{"line":34,"column":10},"end":{"line":34,"column":25}},{"start":{"line":34,"column":29},"end":{"line":34,"column":39}}],"line":34},"7":{"loc":{"start":{"line":41,"column":3},"end":{"line":46,"column":4}},"type":"if","locations":[{"start":{"line":41,"column":3},"end":{"line":46,"column":4}},{"start":{"line":41,"column":3},"end":{"line":46,"column":4}}],"line":41},"8":{"loc":{"start":{"line":75,"column":22},"end":{"line":75,"column":33}},"type":"default-arg","locations":[{"start":{"line":75,"column":31},"end":{"line":75,"column":33}}],"line":75},"9":{"loc":{"start":{"line":92,"column":2},"end":{"line":94,"column":3}},"type":"if","locations":[{"start":{"line":92,"column":2},"end":{"line":94,"column":3}},{"start":{"line":92,"column":2},"end":{"line":94,"column":3}}],"line":92},"10":{"loc":{"start":{"line":100,"column":33},"end":{"line":100,"column":63}},"type":"binary-expr","locations":[{"start":{"line":100,"column":33},"end":{"line":100,"column":48}},{"start":{"line":100,"column":52},"end":{"line":100,"column":63}}],"line":100},"11":{"loc":{"start":{"line":107,"column":18},"end":{"line":107,"column":65}},"type":"cond-expr","locations":[{"start":{"line":107,"column":33},"end":{"line":107,"column":60}},{"start":{"line":107,"column":64},"end":{"line":107,"column":65}}],"line":107},"12":{"loc":{"start":{"line":108,"column":22},"end":{"line":108,"column":77}},"type":"cond-expr","locations":[{"start":{"line":108,"column":37},"end":{"line":108,"column":72}},{"start":{"line":108,"column":76},"end":{"line":108,"column":77}}],"line":108},"13":{"loc":{"start":{"line":132,"column":2},"end":{"line":134,"column":3}},"type":"if","locations":[{"start":{"line":132,"column":2},"end":{"line":134,"column":3}},{"start":{"line":132,"column":2},"end":{"line":134,"column":3}}],"line":132},"14":{"loc":{"start":{"line":140,"column":2},"end":{"line":142,"column":3}},"type":"if","locations":[{"start":{"line":140,"column":2},"end":{"line":142,"column":3}},{"start":{"line":140,"column":2},"end":{"line":142,"column":3}}],"line":140}},"s":{"0":1,"1":1,"2":1,"3":1,"4":1,"5":1,"6":1,"7":1,"8":1,"9":2,"10":2,"11":2,"12":2,"13":2,"14":2,"15":2,"16":2,"17":2,"18":2,"19":2,"20":0,"21":2,"22":2,"23":2,"24":0,"25":0,"26":0,"27":2,"28":2,"29":2,"30":2,"31":0,"32":0,"33":0,"34":0,"35":0,"36":2,"37":2,"38":2,"39":2,"40":2,"41":2,"42":2,"43":2,"44":2,"45":2,"46":8,"47":2,"48":8,"49":2,"50":2,"51":2,"52":2,"53":2,"54":2,"55":2,"56":2,"57":8,"58":8,"59":8,"60":8,"61":8,"62":2,"63":0,"64":2,"65":4,"66":4,"67":4,"68":4,"69":4,"70":4,"71":0,"72":0,"73":0,"74":0,"75":0,"76":0,"77":0,"78":0,"79":0},"f":{"0":1,"1":2,"2":2,"3":0,"4":2,"5":2,"6":2,"7":2,"8":8,"9":8,"10":2,"11":0,"12":4,"13":4,"14":0,"15":0},"b":{"0":[2,0],"1":[2,0],"2":[2,2],"3":[2,0],"4":[2,0],"5":[0,2],"6":[2,0],"7":[0,0],"8":[0],"9":[2,0],"10":[8,8],"11":[6,2],"12":[6,2],"13":[0,0],"14":[0,0]},"_coverageSchema":"1a1c01bbd47fc00a2c39e90264f33305004495a9","hash":"3bf2450d624ec38c0696fb4bb1dbf3277e610ddf"}
}
