{"/Users/alx/Projekte/trading-analysis/config.default.js": {"path":"/Users/alx/Projekte/trading-analysis/config.default.js","statementMap":{"0":{"start":{"line":1,"column":0},"end":{"line":5,"column":1}}},"fnMap":{},"branchMap":{},"s":{"0":6},"f":{},"b":{},"_coverageSchema":"1a1c01bbd47fc00a2c39e90264f33305004495a9","hash":"f5a39c0b0edabfa15504080d7e372e17eb3e24fb"}
,"/Users/alx/Projekte/trading-analysis/config.js": {"path":"/Users/alx/Projekte/trading-analysis/config.js","statementMap":{"0":{"start":{"line":1,"column":0},"end":{"line":3,"column":1}}},"fnMap":{},"branchMap":{},"s":{"0":6},"f":{},"b":{},"_coverageSchema":"1a1c01bbd47fc00a2c39e90264f33305004495a9","hash":"14eb427b0ee2ea4c749105e5e9b87fb0f410518f"}
,"/Users/alx/Projekte/trading-analysis/src/ai/NeuralNetwork.js": {"path":"/Users/alx/Projekte/trading-analysis/src/ai/NeuralNetwork.js","statementMap":{"0":{"start":{"line":1,"column":11},"end":{"line":1,"column":38}},"1":{"start":{"line":2,"column":21},"end":{"line":2,"column":38}},"2":{"start":{"line":3,"column":11},"end":{"line":3,"column":24}},"3":{"start":{"line":4,"column":13},"end":{"line":4,"column":28}},"4":{"start":{"line":5,"column":15},"end":{"line":5,"column":38}},"5":{"start":{"line":6,"column":27},"end":{"line":6,"column":57}},"6":{"start":{"line":8,"column":0},"end":{"line":8,"column":37}},"7":{"start":{"line":8,"column":13},"end":{"line":8,"column":35}},"8":{"start":{"line":10,"column":0},"end":{"line":136,"column":2}},"9":{"start":{"line":13,"column":2},"end":{"line":13,"column":21}},"10":{"start":{"line":14,"column":2},"end":{"line":14,"column":61}},"11":{"start":{"line":15,"column":2},"end":{"line":15,"column":75}},"12":{"start":{"line":16,"column":2},"end":{"line":16,"column":39}},"13":{"start":{"line":17,"column":2},"end":{"line":17,"column":41}},"14":{"start":{"line":18,"column":2},"end":{"line":18,"column":41}},"15":{"start":{"line":19,"column":2},"end":{"line":19,"column":31}},"16":{"start":{"line":20,"column":2},"end":{"line":20,"column":51}},"17":{"start":{"line":21,"column":2},"end":{"line":21,"column":56}},"18":{"start":{"line":22,"column":2},"end":{"line":22,"column":42}},"19":{"start":{"line":26,"column":2},"end":{"line":28,"column":3}},"20":{"start":{"line":27,"column":3},"end":{"line":27,"column":21}},"21":{"start":{"line":30,"column":12},"end":{"line":30,"column":40}},"22":{"start":{"line":33,"column":2},"end":{"line":37,"column":6}},"23":{"start":{"line":40,"column":2},"end":{"line":47,"column":3}},"24":{"start":{"line":41,"column":3},"end":{"line":46,"column":4}},"25":{"start":{"line":42,"column":4},"end":{"line":42,"column":44}},"26":{"start":{"line":45,"column":4},"end":{"line":45,"column":34}},"27":{"start":{"line":50,"column":2},"end":{"line":53,"column":6}},"28":{"start":{"line":55,"column":2},"end":{"line":59,"column":5}},"29":{"start":{"line":61,"column":2},"end":{"line":61,"column":14}},"30":{"start":{"line":63,"column":2},"end":{"line":63,"column":11}},"31":{"start":{"line":67,"column":2},"end":{"line":67,"column":32}},"32":{"start":{"line":67,"column":15},"end":{"line":67,"column":30}},"33":{"start":{"line":69,"column":21},"end":{"line":69,"column":37}},"34":{"start":{"line":70,"column":22},"end":{"line":70,"column":38}},"35":{"start":{"line":71,"column":2},"end":{"line":71,"column":31}},"36":{"start":{"line":71,"column":15},"end":{"line":71,"column":29}},"37":{"start":{"line":72,"column":2},"end":{"line":72,"column":32}},"38":{"start":{"line":72,"column":15},"end":{"line":72,"column":30}},"39":{"start":{"line":74,"column":16},"end":{"line":74,"column":61}},"40":{"start":{"line":75,"column":23},"end":{"line":75,"column":54}},"41":{"start":{"line":75,"column":49},"end":{"line":75,"column":52}},"42":{"start":{"line":76,"column":21},"end":{"line":76,"column":52}},"43":{"start":{"line":76,"column":47},"end":{"line":76,"column":50}},"44":{"start":{"line":78,"column":14},"end":{"line":78,"column":24}},"45":{"start":{"line":79,"column":13},"end":{"line":79,"column":18}},"46":{"start":{"line":81,"column":2},"end":{"line":81,"column":18}},"47":{"start":{"line":83,"column":2},"end":{"line":85,"column":3}},"48":{"start":{"line":84,"column":3},"end":{"line":84,"column":46}},"49":{"start":{"line":87,"column":20},"end":{"line":87,"column":24}},"50":{"start":{"line":88,"column":16},"end":{"line":88,"column":17}},"51":{"start":{"line":89,"column":2},"end":{"line":104,"column":3}},"52":{"start":{"line":90,"column":23},"end":{"line":90,"column":88}},"53":{"start":{"line":91,"column":20},"end":{"line":91,"column":65}},"54":{"start":{"line":92,"column":16},"end":{"line":92,"column":41}},"55":{"start":{"line":93,"column":3},"end":{"line":93,"column":13}},"56":{"start":{"line":94,"column":3},"end":{"line":103,"column":4}},"57":{"start":{"line":101,"column":16},"end":{"line":101,"column":27}},"58":{"start":{"line":102,"column":29},"end":{"line":102,"column":62}},"59":{"start":{"line":105,"column":2},"end":{"line":105,"column":14}},"60":{"start":{"line":109,"column":2},"end":{"line":109,"column":20}},"61":{"start":{"line":110,"column":2},"end":{"line":110,"column":23}},"62":{"start":{"line":111,"column":2},"end":{"line":111,"column":23}},"63":{"start":{"line":112,"column":2},"end":{"line":112,"column":43}},"64":{"start":{"line":116,"column":21},"end":{"line":116,"column":42}},"65":{"start":{"line":117,"column":2},"end":{"line":117,"column":23}},"66":{"start":{"line":121,"column":16},"end":{"line":121,"column":37}},"67":{"start":{"line":122,"column":2},"end":{"line":122,"column":24}},"68":{"start":{"line":123,"column":2},"end":{"line":125,"column":3}},"69":{"start":{"line":124,"column":3},"end":{"line":124,"column":19}},"70":{"start":{"line":126,"column":2},"end":{"line":126,"column":33}},"71":{"start":{"line":130,"column":16},"end":{"line":130,"column":37}},"72":{"start":{"line":131,"column":2},"end":{"line":133,"column":3}},"73":{"start":{"line":132,"column":3},"end":{"line":132,"column":19}},"74":{"start":{"line":134,"column":2},"end":{"line":134,"column":26}}},"fnMap":{"0":{"name":"(anonymous_0)","decl":{"start":{"line":8,"column":7},"end":{"line":8,"column":8}},"loc":{"start":{"line":8,"column":13},"end":{"line":8,"column":35}},"line":8},"1":{"name":"(anonymous_1)","decl":{"start":{"line":12,"column":1},"end":{"line":12,"column":2}},"loc":{"start":{"line":12,"column":99},"end":{"line":23,"column":2}},"line":12},"2":{"name":"(anonymous_2)","decl":{"start":{"line":25,"column":1},"end":{"line":25,"column":2}},"loc":{"start":{"line":25,"column":42},"end":{"line":64,"column":2}},"line":25},"3":{"name":"(anonymous_3)","decl":{"start":{"line":66,"column":1},"end":{"line":66,"column":2}},"loc":{"start":{"line":66,"column":51},"end":{"line":106,"column":2}},"line":66},"4":{"name":"(anonymous_4)","decl":{"start":{"line":67,"column":9},"end":{"line":67,"column":10}},"loc":{"start":{"line":67,"column":15},"end":{"line":67,"column":30}},"line":67},"5":{"name":"(anonymous_5)","decl":{"start":{"line":71,"column":9},"end":{"line":71,"column":10}},"loc":{"start":{"line":71,"column":15},"end":{"line":71,"column":29}},"line":71},"6":{"name":"(anonymous_6)","decl":{"start":{"line":72,"column":9},"end":{"line":72,"column":10}},"loc":{"start":{"line":72,"column":15},"end":{"line":72,"column":30}},"line":72},"7":{"name":"(anonymous_7)","decl":{"start":{"line":75,"column":44},"end":{"line":75,"column":45}},"loc":{"start":{"line":75,"column":49},"end":{"line":75,"column":52}},"line":75},"8":{"name":"(anonymous_8)","decl":{"start":{"line":76,"column":42},"end":{"line":76,"column":43}},"loc":{"start":{"line":76,"column":47},"end":{"line":76,"column":50}},"line":76},"9":{"name":"(anonymous_9)","decl":{"start":{"line":101,"column":10},"end":{"line":101,"column":11}},"loc":{"start":{"line":101,"column":16},"end":{"line":101,"column":27}},"line":101},"10":{"name":"(anonymous_10)","decl":{"start":{"line":102,"column":21},"end":{"line":102,"column":22}},"loc":{"start":{"line":102,"column":29},"end":{"line":102,"column":62}},"line":102},"11":{"name":"(anonymous_11)","decl":{"start":{"line":108,"column":1},"end":{"line":108,"column":2}},"loc":{"start":{"line":108,"column":17},"end":{"line":113,"column":2}},"line":108},"12":{"name":"(anonymous_12)","decl":{"start":{"line":115,"column":1},"end":{"line":115,"column":2}},"loc":{"start":{"line":115,"column":12},"end":{"line":118,"column":2}},"line":115},"13":{"name":"(anonymous_13)","decl":{"start":{"line":120,"column":1},"end":{"line":120,"column":2}},"loc":{"start":{"line":120,"column":23},"end":{"line":127,"column":2}},"line":120},"14":{"name":"(anonymous_14)","decl":{"start":{"line":129,"column":1},"end":{"line":129,"column":2}},"loc":{"start":{"line":129,"column":19},"end":{"line":135,"column":2}},"line":129}},"branchMap":{"0":{"loc":{"start":{"line":16,"column":19},"end":{"line":16,"column":38}},"type":"binary-expr","locations":[{"start":{"line":16,"column":19},"end":{"line":16,"column":28}},{"start":{"line":16,"column":32},"end":{"line":16,"column":38}}],"line":16},"1":{"loc":{"start":{"line":17,"column":14},"end":{"line":17,"column":40}},"type":"binary-expr","locations":[{"start":{"line":17,"column":14},"end":{"line":17,"column":18}},{"start":{"line":17,"column":22},"end":{"line":17,"column":40}}],"line":17},"2":{"loc":{"start":{"line":18,"column":22},"end":{"line":18,"column":40}},"type":"binary-expr","locations":[{"start":{"line":18,"column":22},"end":{"line":18,"column":34}},{"start":{"line":18,"column":38},"end":{"line":18,"column":40}}],"line":18},"3":{"loc":{"start":{"line":20,"column":25},"end":{"line":20,"column":50}},"type":"binary-expr","locations":[{"start":{"line":20,"column":25},"end":{"line":20,"column":40}},{"start":{"line":20,"column":44},"end":{"line":20,"column":50}}],"line":20},"4":{"loc":{"start":{"line":21,"column":26},"end":{"line":21,"column":55}},"type":"binary-expr","locations":[{"start":{"line":21,"column":26},"end":{"line":21,"column":42}},{"start":{"line":21,"column":46},"end":{"line":21,"column":55}}],"line":21},"5":{"loc":{"start":{"line":26,"column":2},"end":{"line":28,"column":3}},"type":"if","locations":[{"start":{"line":26,"column":2},"end":{"line":28,"column":3}},{"start":{"line":26,"column":2},"end":{"line":28,"column":3}}],"line":26},"6":{"loc":{"start":{"line":34,"column":10},"end":{"line":34,"column":39}},"type":"binary-expr","locations":[{"start":{"line":34,"column":10},"end":{"line":34,"column":25}},{"start":{"line":34,"column":29},"end":{"line":34,"column":39}}],"line":34},"7":{"loc":{"start":{"line":41,"column":3},"end":{"line":46,"column":4}},"type":"if","locations":[{"start":{"line":41,"column":3},"end":{"line":46,"column":4}},{"start":{"line":41,"column":3},"end":{"line":46,"column":4}}],"line":41},"8":{"loc":{"start":{"line":66,"column":22},"end":{"line":66,"column":33}},"type":"default-arg","locations":[{"start":{"line":66,"column":31},"end":{"line":66,"column":33}}],"line":66},"9":{"loc":{"start":{"line":83,"column":2},"end":{"line":85,"column":3}},"type":"if","locations":[{"start":{"line":83,"column":2},"end":{"line":85,"column":3}},{"start":{"line":83,"column":2},"end":{"line":85,"column":3}}],"line":83},"10":{"loc":{"start":{"line":91,"column":33},"end":{"line":91,"column":63}},"type":"binary-expr","locations":[{"start":{"line":91,"column":33},"end":{"line":91,"column":48}},{"start":{"line":91,"column":52},"end":{"line":91,"column":63}}],"line":91},"11":{"loc":{"start":{"line":98,"column":18},"end":{"line":98,"column":65}},"type":"cond-expr","locations":[{"start":{"line":98,"column":33},"end":{"line":98,"column":60}},{"start":{"line":98,"column":64},"end":{"line":98,"column":65}}],"line":98},"12":{"loc":{"start":{"line":99,"column":22},"end":{"line":99,"column":77}},"type":"cond-expr","locations":[{"start":{"line":99,"column":37},"end":{"line":99,"column":72}},{"start":{"line":99,"column":76},"end":{"line":99,"column":77}}],"line":99},"13":{"loc":{"start":{"line":123,"column":2},"end":{"line":125,"column":3}},"type":"if","locations":[{"start":{"line":123,"column":2},"end":{"line":125,"column":3}},{"start":{"line":123,"column":2},"end":{"line":125,"column":3}}],"line":123},"14":{"loc":{"start":{"line":131,"column":2},"end":{"line":133,"column":3}},"type":"if","locations":[{"start":{"line":131,"column":2},"end":{"line":133,"column":3}},{"start":{"line":131,"column":2},"end":{"line":133,"column":3}}],"line":131}},"s":{"0":1,"1":1,"2":1,"3":1,"4":1,"5":1,"6":1,"7":1,"8":1,"9":1,"10":1,"11":1,"12":1,"13":1,"14":1,"15":1,"16":1,"17":1,"18":1,"19":1,"20":0,"21":1,"22":1,"23":1,"24":0,"25":0,"26":0,"27":1,"28":1,"29":1,"30":1,"31":1,"32":1,"33":1,"34":1,"35":1,"36":1,"37":1,"38":1,"39":1,"40":1,"41":4,"42":1,"43":4,"44":1,"45":1,"46":1,"47":1,"48":1,"49":1,"50":1,"51":1,"52":4,"53":4,"54":4,"55":4,"56":4,"57":1,"58":0,"59":1,"60":4,"61":4,"62":4,"63":4,"64":4,"65":4,"66":0,"67":0,"68":0,"69":0,"70":0,"71":0,"72":0,"73":0,"74":0},"f":{"0":1,"1":1,"2":1,"3":1,"4":1,"5":1,"6":1,"7":4,"8":4,"9":1,"10":0,"11":4,"12":4,"13":0,"14":0},"b":{"0":[1,0],"1":[1,0],"2":[1,1],"3":[1,0],"4":[1,0],"5":[0,1],"6":[1,0],"7":[0,0],"8":[0],"9":[1,0],"10":[4,4],"11":[3,1],"12":[3,1],"13":[0,0],"14":[0,0]},"_coverageSchema":"1a1c01bbd47fc00a2c39e90264f33305004495a9","hash":"9fe1bf4d4fbd864c566ea3c616bf1cdda21e7d86"}
,"/Users/alx/Projekte/trading-analysis/src/data/index.js": {"path":"/Users/alx/Projekte/trading-analysis/src/data/index.js","statementMap":{"0":{"start":{"line":1,"column":0},"end":{"line":5,"column":2}}},"fnMap":{},"branchMap":{},"s":{"0":4},"f":{},"b":{},"_coverageSchema":"1a1c01bbd47fc00a2c39e90264f33305004495a9","hash":"f799a1c2f4a764ddec7c21bde8192b7d26bde1dd"}
,"/Users/alx/Projekte/trading-analysis/src/shared/Cache.js": {"path":"/Users/alx/Projekte/trading-analysis/src/shared/Cache.js","statementMap":{"0":{"start":{"line":1,"column":13},"end":{"line":1,"column":28}},"1":{"start":{"line":2,"column":11},"end":{"line":2,"column":24}},"2":{"start":{"line":3,"column":15},"end":{"line":3,"column":38}},"3":{"start":{"line":4,"column":19},"end":{"line":4,"column":41}},"4":{"start":{"line":7,"column":20},"end":{"line":7,"column":45}},"5":{"start":{"line":8,"column":2},"end":{"line":8,"column":42}},"6":{"start":{"line":8,"column":15},"end":{"line":8,"column":40}},"7":{"start":{"line":9,"column":2},"end":{"line":9,"column":51}},"8":{"start":{"line":10,"column":2},"end":{"line":10,"column":46}},"9":{"start":{"line":11,"column":2},"end":{"line":11,"column":51}},"10":{"start":{"line":15,"column":14},"end":{"line":15,"column":15}},"11":{"start":{"line":16,"column":2},"end":{"line":16,"column":61}},"12":{"start":{"line":16,"column":45},"end":{"line":16,"column":52}},"13":{"start":{"line":20,"column":15},"end":{"line":20,"column":45}},"14":{"start":{"line":21,"column":2},"end":{"line":21,"column":54}},"15":{"start":{"line":25,"column":2},"end":{"line":27,"column":3}},"16":{"start":{"line":26,"column":3},"end":{"line":26,"column":39}},"17":{"start":{"line":28,"column":2},"end":{"line":28,"column":14}},"18":{"start":{"line":32,"column":2},"end":{"line":32,"column":44}},"19":{"start":{"line":36,"column":16},"end":{"line":36,"column":45}},"20":{"start":{"line":37,"column":2},"end":{"line":39,"column":3}},"21":{"start":{"line":38,"column":3},"end":{"line":38,"column":49}},"22":{"start":{"line":45,"column":2},"end":{"line":47,"column":3}},"23":{"start":{"line":46,"column":3},"end":{"line":46,"column":38}},"24":{"start":{"line":51,"column":2},"end":{"line":51,"column":60}},"25":{"start":{"line":55,"column":2},"end":{"line":55,"column":59}},"26":{"start":{"line":59,"column":0},"end":{"line":59,"column":23}}},"fnMap":{"0":{"name":"(anonymous_0)","decl":{"start":{"line":6,"column":1},"end":{"line":6,"column":2}},"loc":{"start":{"line":6,"column":42},"end":{"line":12,"column":2}},"line":6},"1":{"name":"(anonymous_1)","decl":{"start":{"line":8,"column":9},"end":{"line":8,"column":10}},"loc":{"start":{"line":8,"column":15},"end":{"line":8,"column":40}},"line":8},"2":{"name":"(anonymous_2)","decl":{"start":{"line":14,"column":1},"end":{"line":14,"column":2}},"loc":{"start":{"line":14,"column":14},"end":{"line":17,"column":2}},"line":14},"3":{"name":"(anonymous_3)","decl":{"start":{"line":16,"column":39},"end":{"line":16,"column":40}},"loc":{"start":{"line":16,"column":45},"end":{"line":16,"column":52}},"line":16},"4":{"name":"(anonymous_4)","decl":{"start":{"line":19,"column":1},"end":{"line":19,"column":2}},"loc":{"start":{"line":19,"column":21},"end":{"line":22,"column":2}},"line":19},"5":{"name":"(anonymous_5)","decl":{"start":{"line":24,"column":1},"end":{"line":24,"column":2}},"loc":{"start":{"line":24,"column":14},"end":{"line":29,"column":2}},"line":24},"6":{"name":"(anonymous_6)","decl":{"start":{"line":31,"column":1},"end":{"line":31,"column":2}},"loc":{"start":{"line":31,"column":14},"end":{"line":33,"column":2}},"line":31},"7":{"name":"(anonymous_7)","decl":{"start":{"line":35,"column":1},"end":{"line":35,"column":2}},"loc":{"start":{"line":35,"column":9},"end":{"line":42,"column":2}},"line":35},"8":{"name":"(anonymous_8)","decl":{"start":{"line":44,"column":1},"end":{"line":44,"column":2}},"loc":{"start":{"line":44,"column":17},"end":{"line":48,"column":2}},"line":44},"9":{"name":"(anonymous_9)","decl":{"start":{"line":50,"column":1},"end":{"line":50,"column":2}},"loc":{"start":{"line":50,"column":16},"end":{"line":52,"column":2}},"line":50},"10":{"name":"(anonymous_10)","decl":{"start":{"line":54,"column":1},"end":{"line":54,"column":2}},"loc":{"start":{"line":54,"column":11},"end":{"line":56,"column":2}},"line":54}},"branchMap":{"0":{"loc":{"start":{"line":6,"column":25},"end":{"line":6,"column":40}},"type":"default-arg","locations":[{"start":{"line":6,"column":35},"end":{"line":6,"column":40}}],"line":6},"1":{"loc":{"start":{"line":25,"column":2},"end":{"line":27,"column":3}},"type":"if","locations":[{"start":{"line":25,"column":2},"end":{"line":27,"column":3}},{"start":{"line":25,"column":2},"end":{"line":27,"column":3}}],"line":25},"2":{"loc":{"start":{"line":45,"column":2},"end":{"line":47,"column":3}},"type":"if","locations":[{"start":{"line":45,"column":2},"end":{"line":47,"column":3}},{"start":{"line":45,"column":2},"end":{"line":47,"column":3}}],"line":45}},"s":{"0":5,"1":5,"2":5,"3":5,"4":4,"5":4,"6":4,"7":4,"8":4,"9":4,"10":5,"11":5,"12":0,"13":2,"14":2,"15":3,"16":2,"17":1,"18":4,"19":3,"20":3,"21":1,"22":1,"23":1,"24":9,"25":9,"26":5},"f":{"0":4,"1":4,"2":5,"3":0,"4":2,"5":3,"6":4,"7":3,"8":1,"9":9,"10":9},"b":{"0":[4],"1":[2,1],"2":[1,0]},"_coverageSchema":"1a1c01bbd47fc00a2c39e90264f33305004495a9","hash":"2dc43745cea2a777abc47c802d98c59fa09c734f"}
,"/Users/alx/Projekte/trading-analysis/src/shared/log.js": {"path":"/Users/alx/Projekte/trading-analysis/src/shared/log.js","statementMap":{"0":{"start":{"line":1,"column":21},"end":{"line":1,"column":38}},"1":{"start":{"line":2,"column":13},"end":{"line":2,"column":30}},"2":{"start":{"line":3,"column":27},"end":{"line":3,"column":49}},"3":{"start":{"line":8,"column":8},"end":{"line":8,"column":29}},"4":{"start":{"line":10,"column":8},"end":{"line":17,"column":9}},"5":{"start":{"line":11,"column":12},"end":{"line":11,"column":46}},"6":{"start":{"line":12,"column":12},"end":{"line":12,"column":41}},"7":{"start":{"line":15,"column":12},"end":{"line":15,"column":42}},"8":{"start":{"line":16,"column":12},"end":{"line":16,"column":47}},"9":{"start":{"line":21,"column":8},"end":{"line":21,"column":25}},"10":{"start":{"line":25,"column":8},"end":{"line":30,"column":9}},"11":{"start":{"line":26,"column":12},"end":{"line":26,"column":28}},"12":{"start":{"line":29,"column":12},"end":{"line":29,"column":41}},"13":{"start":{"line":34,"column":8},"end":{"line":39,"column":9}},"14":{"start":{"line":35,"column":12},"end":{"line":35,"column":28}},"15":{"start":{"line":38,"column":12},"end":{"line":38,"column":41}},"16":{"start":{"line":43,"column":8},"end":{"line":43,"column":47}},"17":{"start":{"line":47,"column":8},"end":{"line":47,"column":49}},"18":{"start":{"line":51,"column":8},"end":{"line":51,"column":47}},"19":{"start":{"line":55,"column":8},"end":{"line":55,"column":41}},"20":{"start":{"line":59,"column":8},"end":{"line":59,"column":39}},"21":{"start":{"line":60,"column":8},"end":{"line":60,"column":45}},"22":{"start":{"line":61,"column":8},"end":{"line":61,"column":51}},"23":{"start":{"line":62,"column":8},"end":{"line":62,"column":77}},"24":{"start":{"line":66,"column":20},"end":{"line":66,"column":33}},"25":{"start":{"line":67,"column":8},"end":{"line":67,"column":37}},"26":{"start":{"line":68,"column":8},"end":{"line":68,"column":40}},"27":{"start":{"line":69,"column":8},"end":{"line":69,"column":39}},"28":{"start":{"line":70,"column":8},"end":{"line":70,"column":19}},"29":{"start":{"line":74,"column":0},"end":{"line":76,"column":2}}},"fnMap":{"0":{"name":"(anonymous_0)","decl":{"start":{"line":7,"column":4},"end":{"line":7,"column":5}},"loc":{"start":{"line":7,"column":27},"end":{"line":18,"column":5}},"line":7},"1":{"name":"(anonymous_1)","decl":{"start":{"line":20,"column":4},"end":{"line":20,"column":5}},"loc":{"start":{"line":20,"column":14},"end":{"line":22,"column":5}},"line":20},"2":{"name":"(anonymous_2)","decl":{"start":{"line":24,"column":4},"end":{"line":24,"column":5}},"loc":{"start":{"line":24,"column":20},"end":{"line":31,"column":5}},"line":24},"3":{"name":"(anonymous_3)","decl":{"start":{"line":33,"column":4},"end":{"line":33,"column":5}},"loc":{"start":{"line":33,"column":20},"end":{"line":40,"column":5}},"line":33},"4":{"name":"(anonymous_4)","decl":{"start":{"line":42,"column":4},"end":{"line":42,"column":5}},"loc":{"start":{"line":42,"column":28},"end":{"line":44,"column":5}},"line":42},"5":{"name":"(anonymous_5)","decl":{"start":{"line":46,"column":4},"end":{"line":46,"column":5}},"loc":{"start":{"line":46,"column":27},"end":{"line":48,"column":5}},"line":46},"6":{"name":"(anonymous_6)","decl":{"start":{"line":50,"column":4},"end":{"line":50,"column":5}},"loc":{"start":{"line":50,"column":28},"end":{"line":52,"column":5}},"line":50},"7":{"name":"(anonymous_7)","decl":{"start":{"line":54,"column":4},"end":{"line":54,"column":5}},"loc":{"start":{"line":54,"column":23},"end":{"line":56,"column":5}},"line":54},"8":{"name":"(anonymous_8)","decl":{"start":{"line":58,"column":4},"end":{"line":58,"column":5}},"loc":{"start":{"line":58,"column":35},"end":{"line":63,"column":5}},"line":58},"9":{"name":"(anonymous_9)","decl":{"start":{"line":65,"column":4},"end":{"line":65,"column":5}},"loc":{"start":{"line":65,"column":28},"end":{"line":71,"column":5}},"line":65}},"branchMap":{"0":{"loc":{"start":{"line":10,"column":8},"end":{"line":17,"column":9}},"type":"if","locations":[{"start":{"line":10,"column":8},"end":{"line":17,"column":9}},{"start":{"line":10,"column":8},"end":{"line":17,"column":9}}],"line":10},"1":{"loc":{"start":{"line":15,"column":24},"end":{"line":15,"column":41}},"type":"binary-expr","locations":[{"start":{"line":15,"column":24},"end":{"line":15,"column":28}},{"start":{"line":15,"column":32},"end":{"line":15,"column":41}}],"line":15},"2":{"loc":{"start":{"line":59,"column":18},"end":{"line":59,"column":38}},"type":"binary-expr","locations":[{"start":{"line":59,"column":18},"end":{"line":59,"column":25}},{"start":{"line":59,"column":29},"end":{"line":59,"column":38}}],"line":59}},"s":{"0":4,"1":4,"2":4,"3":0,"4":0,"5":0,"6":0,"7":0,"8":0,"9":0,"10":0,"11":0,"12":0,"13":0,"14":0,"15":0,"16":0,"17":0,"18":0,"19":0,"20":0,"21":0,"22":0,"23":0,"24":0,"25":0,"26":0,"27":0,"28":0,"29":4},"f":{"0":0,"1":0,"2":0,"3":0,"4":0,"5":0,"6":0,"7":0,"8":0,"9":0},"b":{"0":[0,0],"1":[0,0],"2":[0,0]},"_coverageSchema":"1a1c01bbd47fc00a2c39e90264f33305004495a9","hash":"d3a367c3544bdf862475b1ed6ed69baacc47e8cd"}
}
