TN:
SF:__new/src/shared/Data.js
FN:7,(anonymous_0)
FN:25,(anonymous_1)
FN:29,(anonymous_2)
FN:33,(anonymous_3)
FN:37,(anonymous_4)
FN:42,(anonymous_5)
FN:52,(anonymous_6)
FNF:7
FNH:7
FNDA:8,(anonymous_0)
FNDA:1,(anonymous_1)
FNDA:1,(anonymous_2)
FNDA:1,(anonymous_3)
FNDA:1,(anonymous_4)
FNDA:7,(anonymous_5)
FNDA:2,(anonymous_6)
DA:1,1
DA:2,1
DA:5,1
DA:8,8
DA:9,7
DA:10,7
DA:11,7
DA:12,7
DA:13,7
DA:14,7
DA:16,7
DA:17,7
DA:18,7
DA:19,7
DA:20,7
DA:22,7
DA:26,1
DA:30,1
DA:34,1
DA:38,1
DA:39,1
DA:43,7
DA:44,7
DA:45,6
DA:46,6
DA:47,5
DA:48,5
DA:49,5
DA:53,2
DA:54,2
LF:30
LH:30
BRF:0
BRH:0
end_of_record
TN:
SF:__new/src/shared/assertion.js
FN:4,(anonymous_0)
FN:15,(anonymous_1)
FN:21,(anonymous_2)
FNF:3
FNH:3
FNDA:44,(anonymous_0)
FNDA:11,(anonymous_1)
FNDA:77,(anonymous_2)
DA:2,3
DA:5,44
DA:6,3
DA:7,2
DA:10,41
DA:11,9
DA:16,11
DA:17,11
DA:18,11
DA:25,77
DA:26,22
DA:27,2
DA:29,22
DA:30,2
DA:32,22
DA:33,2
DA:36,55
DA:37,52
DA:38,52
DA:39,52
DA:40,1
DA:41,0
DA:44,51
DA:45,47
DA:46,47
DA:48,47
DA:49,3
DA:50,0
DA:51,0
DA:55,3
DA:59,4
DA:60,1
DA:61,1
DA:62,0
DA:64,3
DA:65,3
DA:66,2
DA:69,0
DA:70,0
DA:74,3
DA:75,3
DA:76,2
DA:80,77
DA:81,13
DA:82,13
DA:83,13
LF:46
LH:40
BRDA:5,0,0,3
BRDA:5,0,1,41
BRDA:6,1,0,2
BRDA:6,1,1,1
BRDA:10,2,0,9
BRDA:10,2,1,32
BRDA:16,3,0,11
BRDA:16,3,1,3
BRDA:25,4,0,22
BRDA:25,4,1,55
BRDA:26,5,0,2
BRDA:26,5,1,20
BRDA:26,6,0,22
BRDA:26,6,1,12
BRDA:29,7,0,2
BRDA:29,7,1,20
BRDA:32,8,0,2
BRDA:32,8,1,20
BRDA:36,9,0,52
BRDA:36,9,1,3
BRDA:38,10,0,52
BRDA:38,10,1,51
BRDA:39,11,0,1
BRDA:39,11,1,51
BRDA:40,12,0,0
BRDA:40,12,1,1
BRDA:44,13,0,47
BRDA:44,13,1,4
BRDA:48,14,0,3
BRDA:48,14,1,44
BRDA:49,15,0,0
BRDA:49,15,1,3
BRDA:50,16,0,0
BRDA:50,16,1,0
BRDA:59,17,0,1
BRDA:59,17,1,3
BRDA:61,18,0,0
BRDA:61,18,1,1
BRDA:64,19,0,3
BRDA:64,19,1,0
BRDA:65,20,0,2
BRDA:65,20,1,1
BRDA:69,21,0,0
BRDA:69,21,1,0
BRDA:74,22,0,3
BRDA:74,22,1,0
BRDA:75,23,0,2
BRDA:75,23,1,1
BRDA:80,24,0,13
BRDA:80,24,1,64
BRF:50
BRH:41
end_of_record
TN:
SF:__new/src/shared/log.js
FN:7,(anonymous_0)
FN:13,(anonymous_1)
FN:17,(anonymous_2)
FN:26,(anonymous_3)
FN:35,(anonymous_4)
FN:39,(anonymous_5)
FN:43,(anonymous_6)
FN:47,(anonymous_7)
FN:51,(anonymous_8)
FNF:9
FNH:9
FNDA:8,(anonymous_0)
FNDA:1,(anonymous_1)
FNDA:1,(anonymous_2)
FNDA:1,(anonymous_3)
FNDA:3,(anonymous_4)
FNDA:3,(anonymous_5)
FNDA:1,(anonymous_6)
FNDA:7,(anonymous_7)
FNDA:7,(anonymous_8)
DA:1,1
DA:2,1
DA:3,1
DA:8,8
DA:9,8
DA:10,8
DA:14,1
DA:18,1
DA:19,1
DA:22,1
DA:27,1
DA:28,1
DA:31,1
DA:36,3
DA:40,3
DA:44,1
DA:48,7
DA:52,7
DA:53,7
DA:54,7
DA:58,1
LF:21
LH:21
BRDA:9,0,0,8
BRDA:9,0,1,0
BRDA:52,1,0,7
BRDA:52,1,1,1
BRF:4
BRH:3
end_of_record
